TN:
SF:fizzbuzz.js
FN:1,fizzbuzz
FN:3,divisible
FN:17,print
FNF:3
FNH:3
FNDA:23,fizzbuzz
FNDA:67,divisible
FNDA:1,print
DA:1,23
DA:2,23
DA:3,23
DA:4,23
DA:5,23
DA:6,2
DA:7,2
DA:8,23
DA:9,6
DA:10,6
DA:11,23
DA:12,4
DA:13,4
DA:14,11
DA:15,11
DA:16,1
DA:17,1
DA:18,1
DA:19,17
DA:20,17
DA:21,1
DA:22,1
DA:23,1
DA:24,1
LF:24
LH:24
BRDA:1,0,0,23
BRDA:5,1,0,8
BRDA:5,2,0,2
BRDA:7,3,0,21
BRDA:8,4,0,6
BRDA:10,5,0,15
BRDA:11,6,0,4
BRDA:13,7,0,11
BRDA:3,8,0,67
BRDA:3,9,0,26
BRDA:17,10,0,1
BRDA:18,11,0,17
BRF:12
BRH:12
end_of_record
